cl : línea de comandos warning D9025: invalidando '/Qvec-report:1' con '/Qvec-report:2'
  Main_A01272385.cpp
C:\Users\ale_j\Documents\Multiprocesadores\Programas\Parallel_Reduction_A01272385\Main_A01272385.cpp(59,9): warning C4101: 'div': variable local sin referencia
  --- Analizando función: void __thiscall std::_Container_base12::_Orphan_all(void)
  C:\Program Files (x86)\Microsoft Visual Studio\2019\Community\VC\Tools\MSVC\14.24.28314\include\xmemory(1206) : info C5002: bucle no vectorizado por el siguiente motivo: '500'
  --- Analizando función: void __cdecl scalarOperations(void)
  C:\Users\ale_j\Documents\Multiprocesadores\Programas\Parallel_Reduction_A01272385\Main_A01272385.cpp(42) : info C5002: bucle no vectorizado por el siguiente motivo: '1400'
  --- Analizando función: void __cdecl intrinsics(void)
  C:\Users\ale_j\Documents\Multiprocesadores\Programas\Parallel_Reduction_A01272385\Main_A01272385.cpp(67) : info C5002: bucle no vectorizado por el siguiente motivo: '1400'
  --- Analizando función: void __cdecl autoVectorization(void)
  C:\Users\ale_j\Documents\Multiprocesadores\Programas\Parallel_Reduction_A01272385\Main_A01272385.cpp(101) : info C5002: bucle no vectorizado por el siguiente motivo: '1105'
  --- Analizando función: virtual __int64 __thiscall std::basic_filebuf<char,struct std::char_traits<char> >::xsgetn(char *,__int64)
  C:\Program Files (x86)\Microsoft Visual Studio\2019\Community\VC\Tools\MSVC\14.24.28314\include\fstream(577) : info C5002: bucle no vectorizado por el siguiente motivo: '500'
  --- Analizando función: main
  C:\Users\ale_j\Documents\Multiprocesadores\Programas\Parallel_Reduction_A01272385\Main_A01272385.cpp(137) : info C5002: bucle no vectorizado por el siguiente motivo: '500'
  C:\Users\ale_j\Documents\Multiprocesadores\Programas\Parallel_Reduction_A01272385\Main_A01272385.cpp(168) : info C5002: bucle no vectorizado por el siguiente motivo: '501'
  C:\Users\ale_j\Documents\Multiprocesadores\Programas\Parallel_Reduction_A01272385\Main_A01272385.cpp(172) : info C5002: bucle no vectorizado por el siguiente motivo: '501'
  C:\Users\ale_j\Documents\Multiprocesadores\Programas\Parallel_Reduction_A01272385\Main_A01272385.cpp(42) : info C5002: bucle no vectorizado por el siguiente motivo: '1400'
  C:\Users\ale_j\Documents\Multiprocesadores\Programas\Parallel_Reduction_A01272385\Main_A01272385.cpp(177) : info C5002: bucle no vectorizado por el siguiente motivo: '1106'
  C:\Users\ale_j\Documents\Multiprocesadores\Programas\Parallel_Reduction_A01272385\Main_A01272385.cpp(67) : info C5002: bucle no vectorizado por el siguiente motivo: '1400'
  C:\Users\ale_j\Documents\Multiprocesadores\Programas\Parallel_Reduction_A01272385\Main_A01272385.cpp(182) : info C5002: bucle no vectorizado por el siguiente motivo: '1106'
  C:\Users\ale_j\Documents\Multiprocesadores\Programas\Parallel_Reduction_A01272385\Main_A01272385.cpp(101) : info C5002: bucle no vectorizado por el siguiente motivo: '1105'
  C:\Users\ale_j\Documents\Multiprocesadores\Programas\Parallel_Reduction_A01272385\Main_A01272385.cpp(187) : info C5002: bucle no vectorizado por el siguiente motivo: '1106'
  --- Analizando función: virtual int __thiscall std::basic_filebuf<char,struct std::char_traits<char> >::uflow(void)
  C:\Program Files (x86)\Microsoft Visual Studio\2019\Community\VC\Tools\MSVC\14.24.28314\include\fstream(512) : info C5002: bucle no vectorizado por el siguiente motivo: '500'
  C:\Program Files (x86)\Microsoft Visual Studio\2019\Community\VC\Tools\MSVC\14.24.28314\include\fstream(526) : info C5002: bucle no vectorizado por el siguiente motivo: '1301'
  Parallel_Reduction_A01272385.vcxproj -> C:\Users\ale_j\Documents\Multiprocesadores\Programas\Parallel_Reduction_A01272385\Debug\Parallel_Reduction_A01272385.exe
